<?xml version="1.0" encoding="UTF-8"?>
<testng-results ignored="2" total="3" passed="1" failed="0" skipped="0">
  <reporter-output>
  </reporter-output>
  <suite started-at="2022-02-10T12:42:25 MST" name="Suite" finished-at="2022-02-10T12:42:25 MST" duration-ms="26">
    <groups>
    </groups>
    <test started-at="2022-02-10T12:42:25 MST" name="Test" finished-at="2022-02-10T12:42:25 MST" duration-ms="26">
      <class name="testTutorial.testBasics">
        <test-method is-config="true" signature="Cookies()[pri:0, instance:testTutorial.testBasics@2e55dd0c]" started-at="2022-02-10T12:42:25 MST" name="Cookies" finished-at="2022-02-10T12:42:25 MST" duration-ms="4" status="PASS">
          <reporter-output>
          </reporter-output>
        </test-method> <!-- Cookies -->
        <test-method signature="OpeningBrowser()[pri:0, instance:testTutorial.testBasics@2e55dd0c]" started-at="2022-02-10T12:42:25 MST" name="OpeningBrowser" finished-at="2022-02-10T12:42:25 MST" duration-ms="3" status="PASS">
          <reporter-output>
          </reporter-output>
        </test-method> <!-- OpeningBrowser -->
        <test-method is-config="true" signature="UseridGeneration()[pri:0, instance:testTutorial.testBasics@2e55dd0c]" started-at="2022-02-10T12:42:25 MST" name="UseridGeneration" finished-at="2022-02-10T12:42:25 MST" duration-ms="0" status="PASS">
          <reporter-output>
          </reporter-output>
        </test-method> <!-- UseridGeneration -->
        <test-method is-config="true" signature="Reportadding()[pri:0, instance:testTutorial.testBasics@2e55dd0c]" started-at="2022-02-10T12:42:25 MST" name="Reportadding" finished-at="2022-02-10T12:42:25 MST" duration-ms="0" status="PASS">
          <reporter-output>
          </reporter-output>
        </test-method> <!-- Reportadding -->
        <test-method is-config="true" signature="Cookiesclose()[pri:0, instance:testTutorial.testBasics@2e55dd0c]" started-at="2022-02-10T12:42:25 MST" name="Cookiesclose" finished-at="2022-02-10T12:42:25 MST" duration-ms="0" status="PASS">
          <reporter-output>
          </reporter-output>
        </test-method> <!-- Cookiesclose -->
      </class> <!-- testTutorial.testBasics -->
    </test> <!-- Test -->
  </suite> <!-- Suite -->
</testng-results>
