<?xml version="1.0" encoding="UTF-8"?>
<testng-results ignored="0" total="1" passed="1" failed="0" skipped="0">
  <reporter-output>
  </reporter-output>
  <suite started-at="2021-11-29T21:07:17 MST" name="Default suite" finished-at="2021-11-29T21:07:27 MST" duration-ms="9635">
    <groups>
    </groups>
    <test started-at="2021-11-29T21:07:17 MST" name="Default test" finished-at="2021-11-29T21:07:27 MST" duration-ms="9635">
      <class name="TutorialMaven.MavenBasics.Reports">
        <test-method is-config="true" signature="config()[pri:0, instance:TutorialMaven.MavenBasics.Reports@5fbdfdcf]" started-at="2021-11-29T21:07:17 MST" name="config" finished-at="2021-11-29T21:07:17 MST" duration-ms="162" status="PASS">
          <reporter-output>
          </reporter-output>
        </test-method> <!-- config -->
        <test-method signature="initialDemo()[pri:0, instance:TutorialMaven.MavenBasics.Reports@5fbdfdcf]" started-at="2021-11-29T21:07:17 MST" name="initialDemo" finished-at="2021-11-29T21:07:27 MST" duration-ms="9454" status="PASS">
          <reporter-output>
          </reporter-output>
        </test-method> <!-- initialDemo -->
      </class> <!-- TutorialMaven.MavenBasics.Reports -->
    </test> <!-- Default test -->
  </suite> <!-- Default suite -->
</testng-results>
