<?xml version="1.0" encoding="UTF-8"?>
<!-- Generated by org.testng.reporters.JUnitXMLReporter -->
<testsuite ignored="0" hostname="TITAN" failures="0" tests="6" name="Test" time="0.037" errors="0" timestamp="2021-11-29T18:11:02 MST">
  <testcase classname="TutorialMaven.MavenBasics.SeleniumTest" name="BrowserAUtomation" time="0.005"/>
  <testcase classname="TutorialMaven.MavenBasics.SeleniumTest" name="elementsUi" time="0.004"/>
  <testcase classname="TutorialMaven.MavenBasics.RESTAPITest" name="deleteTwitter" time="0.0"/>
  <testcase classname="TutorialMaven.MavenBasics.RESTAPITest" name="postJira" time="0.0"/>
  <testcase classname="TutorialMaven.MavenBasics.AppiumTest" name="IOSApps" time="0.001"/>
  <testcase classname="TutorialMaven.MavenBasics.AppiumTest" name="NativeAPpAndroid" time="0.001"/>
</testsuite> <!-- Test -->
