<?xml version="1.0" encoding="UTF-8"?>
<!-- Generated by org.testng.reporters.JUnitXMLReporter -->
<testsuite ignored="2" hostname="TITAN" failures="0" tests="1" name="Test" time="0.026" errors="0" timestamp="2022-02-10T12:42:25 MST">
  <testcase classname="testTutorial.testBasics" name="OpeningBrowser" time="0.003"/>
  <testcase classname="testTutorial.testBasics" name="FlightCancel" time="0.0">
    <ignored/>
  </testcase> <!-- FlightCancel -->
  <testcase classname="testTutorial.testBasics" name="FlightBooking" time="0.0">
    <ignored/>
  </testcase> <!-- FlightBooking -->
</testsuite> <!-- Test -->
