<?xml version="1.0" encoding="UTF-8"?>
<!-- Generated by org.testng.reporters.JUnitXMLReporter -->
<testsuite ignored="0" hostname="TITAN" failures="0" tests="3" name="Default test" time="0.032" errors="0" timestamp="2022-01-07T10:42:40 MST">
  <testcase classname="testTutorial.testBasics" name="FlightBooking" time="0.003"/>
  <testcase classname="testTutorial.testBasics" name="FlightCancel" time="0.001"/>
  <testcase classname="testTutorial.testBasics" name="OpeningBrowser" time="0.001"/>
</testsuite> <!-- Default test -->
